{"total": {"lines":{"total":113,"covered":73,"skipped":0,"pct":64.6},"statements":{"total":114,"covered":73,"skipped":0,"pct":64.03},"functions":{"total":22,"covered":9,"skipped":0,"pct":40.9},"branches":{"total":16,"covered":5,"skipped":0,"pct":31.25},"branchesTrue":{"total":0,"covered":0,"skipped":0,"pct":"Unknown"}}
,"/Users/pavelmakarov/Desktop/123/second_project_weather_app/src/button.js": {"lines":{"total":20,"covered":20,"skipped":0,"pct":100},"functions":{"total":4,"covered":4,"skipped":0,"pct":100},"statements":{"total":20,"covered":20,"skipped":0,"pct":100},"branches":{"total":0,"covered":0,"skipped":0,"pct":100}}
,"/Users/pavelmakarov/Desktop/123/second_project_weather_app/src/cityCoordinates.js": {"lines":{"total":10,"covered":1,"skipped":0,"pct":10},"functions":{"total":9,"covered":0,"skipped":0,"pct":0},"statements":{"total":11,"covered":1,"skipped":0,"pct":9.09},"branches":{"total":0,"covered":0,"skipped":0,"pct":100}}
,"/Users/pavelmakarov/Desktop/123/second_project_weather_app/src/index.js": {"lines":{"total":63,"covered":36,"skipped":0,"pct":57.14},"functions":{"total":6,"covered":2,"skipped":0,"pct":33.33},"statements":{"total":63,"covered":36,"skipped":0,"pct":57.14},"branches":{"total":12,"covered":3,"skipped":0,"pct":25}}
,"/Users/pavelmakarov/Desktop/123/second_project_weather_app/src/readAndClearInput.js": {"lines":{"total":4,"covered":4,"skipped":0,"pct":100},"functions":{"total":1,"covered":1,"skipped":0,"pct":100},"statements":{"total":4,"covered":4,"skipped":0,"pct":100},"branches":{"total":0,"covered":0,"skipped":0,"pct":100}}
,"/Users/pavelmakarov/Desktop/123/second_project_weather_app/src/weather.js": {"lines":{"total":16,"covered":12,"skipped":0,"pct":75},"functions":{"total":2,"covered":2,"skipped":0,"pct":100},"statements":{"total":16,"covered":12,"skipped":0,"pct":75},"branches":{"total":4,"covered":2,"skipped":0,"pct":50}}
}
