{"/Users/pavelmakarov/Desktop/second_project_weather_app/src/addCityToList.js": {"path":"/Users/pavelmakarov/Desktop/second_project_weather_app/src/addCityToList.js","statementMap":{"0":{"start":{"line":2,"column":16},"end":{"line":2,"column":47}},"1":{"start":{"line":3,"column":16},"end":{"line":3,"column":27}},"2":{"start":{"line":4,"column":2},"end":{"line":4,"column":19}},"3":{"start":{"line":5,"column":2},"end":{"line":5,"column":15}}},"fnMap":{"0":{"name":"readInput","decl":{"start":{"line":1,"column":16},"end":{"line":1,"column":25}},"loc":{"start":{"line":1,"column":28},"end":{"line":6,"column":1}},"line":1}},"branchMap":{},"s":{"0":0,"1":0,"2":0,"3":0},"f":{"0":0},"b":{}}
,"/Users/pavelmakarov/Desktop/second_project_weather_app/src/button.js": {"path":"/Users/pavelmakarov/Desktop/second_project_weather_app/src/button.js","statementMap":{"0":{"start":{"line":5,"column":13},"end":{"line":5,"column":41}},"1":{"start":{"line":6,"column":17},"end":{"line":6,"column":49}},"2":{"start":{"line":7,"column":2},"end":{"line":7,"column":27}},"3":{"start":{"line":8,"column":2},"end":{"line":14,"column":5}},"4":{"start":{"line":9,"column":4},"end":{"line":9,"column":40}},"5":{"start":{"line":10,"column":20},"end":{"line":12,"column":66}},"6":{"start":{"line":13,"column":4},"end":{"line":13,"column":51}},"7":{"start":{"line":15,"column":2},"end":{"line":15,"column":20}},"8":{"start":{"line":16,"column":15},"end":{"line":16,"column":46}},"9":{"start":{"line":17,"column":2},"end":{"line":17,"column":42}},"10":{"start":{"line":21,"column":13},"end":{"line":21,"column":41}},"11":{"start":{"line":22,"column":17},"end":{"line":22,"column":49}},"12":{"start":{"line":23,"column":2},"end":{"line":23,"column":27}},"13":{"start":{"line":24,"column":2},"end":{"line":30,"column":5}},"14":{"start":{"line":25,"column":4},"end":{"line":25,"column":40}},"15":{"start":{"line":26,"column":20},"end":{"line":28,"column":66}},"16":{"start":{"line":29,"column":4},"end":{"line":29,"column":51}},"17":{"start":{"line":31,"column":2},"end":{"line":31,"column":20}},"18":{"start":{"line":32,"column":15},"end":{"line":32,"column":46}},"19":{"start":{"line":33,"column":2},"end":{"line":33,"column":18}}},"fnMap":{"0":{"name":"addButton","decl":{"start":{"line":4,"column":16},"end":{"line":4,"column":25}},"loc":{"start":{"line":4,"column":33},"end":{"line":18,"column":1}},"line":4},"1":{"name":"(anonymous_1)","decl":{"start":{"line":8,"column":35},"end":{"line":8,"column":36}},"loc":{"start":{"line":8,"column":47},"end":{"line":14,"column":3}},"line":8},"2":{"name":"addButtonReload","decl":{"start":{"line":20,"column":16},"end":{"line":20,"column":31}},"loc":{"start":{"line":20,"column":39},"end":{"line":34,"column":1}},"line":20},"3":{"name":"(anonymous_3)","decl":{"start":{"line":24,"column":35},"end":{"line":24,"column":36}},"loc":{"start":{"line":24,"column":47},"end":{"line":30,"column":3}},"line":24}},"branchMap":{},"s":{"0":0,"1":0,"2":0,"3":0,"4":0,"5":0,"6":0,"7":0,"8":0,"9":0,"10":0,"11":0,"12":0,"13":0,"14":0,"15":0,"16":0,"17":0,"18":0,"19":0},"f":{"0":0,"1":0,"2":0,"3":0},"b":{}}
,"/Users/pavelmakarov/Desktop/second_project_weather_app/src/cityCoordinates.js": {"path":"/Users/pavelmakarov/Desktop/second_project_weather_app/src/cityCoordinates.js","statementMap":{"0":{"start":{"line":1,"column":31},"end":{"line":13,"column":1}},"1":{"start":{"line":2,"column":19},"end":{"line":11,"column":23}},"2":{"start":{"line":5,"column":19},"end":{"line":5,"column":29}},"3":{"start":{"line":6,"column":17},"end":{"line":6,"column":27}},"4":{"start":{"line":7,"column":17},"end":{"line":7,"column":38}},"5":{"start":{"line":8,"column":17},"end":{"line":8,"column":35}},"6":{"start":{"line":9,"column":17},"end":{"line":9,"column":28}},"7":{"start":{"line":10,"column":17},"end":{"line":10,"column":24}},"8":{"start":{"line":11,"column":17},"end":{"line":11,"column":22}},"9":{"start":{"line":12,"column":2},"end":{"line":12,"column":61}},"10":{"start":{"line":12,"column":49},"end":{"line":12,"column":59}}},"fnMap":{"0":{"name":"(anonymous_0)","decl":{"start":{"line":1,"column":31},"end":{"line":1,"column":32}},"loc":{"start":{"line":1,"column":47},"end":{"line":13,"column":1}},"line":1},"1":{"name":"(anonymous_1)","decl":{"start":{"line":5,"column":10},"end":{"line":5,"column":11}},"loc":{"start":{"line":5,"column":19},"end":{"line":5,"column":29}},"line":5},"2":{"name":"(anonymous_2)","decl":{"start":{"line":6,"column":10},"end":{"line":6,"column":11}},"loc":{"start":{"line":6,"column":17},"end":{"line":6,"column":27}},"line":6},"3":{"name":"(anonymous_3)","decl":{"start":{"line":7,"column":10},"end":{"line":7,"column":11}},"loc":{"start":{"line":7,"column":17},"end":{"line":7,"column":38}},"line":7},"4":{"name":"(anonymous_4)","decl":{"start":{"line":8,"column":10},"end":{"line":8,"column":11}},"loc":{"start":{"line":8,"column":17},"end":{"line":8,"column":35}},"line":8},"5":{"name":"(anonymous_5)","decl":{"start":{"line":9,"column":10},"end":{"line":9,"column":11}},"loc":{"start":{"line":9,"column":17},"end":{"line":9,"column":28}},"line":9},"6":{"name":"(anonymous_6)","decl":{"start":{"line":10,"column":10},"end":{"line":10,"column":11}},"loc":{"start":{"line":10,"column":17},"end":{"line":10,"column":24}},"line":10},"7":{"name":"(anonymous_7)","decl":{"start":{"line":11,"column":10},"end":{"line":11,"column":11}},"loc":{"start":{"line":11,"column":17},"end":{"line":11,"column":22}},"line":11},"8":{"name":"(anonymous_8)","decl":{"start":{"line":12,"column":41},"end":{"line":12,"column":42}},"loc":{"start":{"line":12,"column":49},"end":{"line":12,"column":59}},"line":12}},"branchMap":{},"s":{"0":0,"1":0,"2":0,"3":0,"4":0,"5":0,"6":0,"7":0,"8":0,"9":0,"10":0},"f":{"0":0,"1":0,"2":0,"3":0,"4":0,"5":0,"6":0,"7":0,"8":0},"b":{}}
,"/Users/pavelmakarov/Desktop/second_project_weather_app/src/index.js": {"path":"/Users/pavelmakarov/Desktop/second_project_weather_app/src/index.js","statementMap":{"0":{"start":{"line":7,"column":27},"end":{"line":7,"column":37}},"1":{"start":{"line":8,"column":26},"end":{"line":8,"column":35}},"2":{"start":{"line":12,"column":0},"end":{"line":16,"column":3}},"3":{"start":{"line":13,"column":2},"end":{"line":13,"column":23}},"4":{"start":{"line":14,"column":2},"end":{"line":14,"column":43}},"5":{"start":{"line":15,"column":2},"end":{"line":15,"column":20}},"6":{"start":{"line":19,"column":2},"end":{"line":21,"column":58}},"7":{"start":{"line":23,"column":2},"end":{"line":25,"column":57}},"8":{"start":{"line":27,"column":0},"end":{"line":49,"column":1}},"9":{"start":{"line":28,"column":2},"end":{"line":28,"column":24}},"10":{"start":{"line":29,"column":2},"end":{"line":31,"column":5}},"11":{"start":{"line":30,"column":4},"end":{"line":30,"column":29}},"12":{"start":{"line":32,"column":2},"end":{"line":34,"column":65}},"13":{"start":{"line":35,"column":2},"end":{"line":35,"column":49}},"14":{"start":{"line":37,"column":19},"end":{"line":39,"column":38}},"15":{"start":{"line":38,"column":18},"end":{"line":38,"column":27}},"16":{"start":{"line":39,"column":24},"end":{"line":39,"column":37}},"17":{"start":{"line":40,"column":2},"end":{"line":40,"column":30}},"18":{"start":{"line":41,"column":2},"end":{"line":41,"column":28}},"19":{"start":{"line":42,"column":2},"end":{"line":42,"column":34}},"20":{"start":{"line":43,"column":2},"end":{"line":43,"column":67}},"21":{"start":{"line":44,"column":2},"end":{"line":44,"column":75}},"22":{"start":{"line":45,"column":2},"end":{"line":47,"column":65}},"23":{"start":{"line":48,"column":2},"end":{"line":48,"column":49}},"24":{"start":{"line":51,"column":0},"end":{"line":70,"column":3}},"25":{"start":{"line":52,"column":16},"end":{"line":52,"column":27}},"26":{"start":{"line":53,"column":2},"end":{"line":53,"column":21}},"27":{"start":{"line":54,"column":2},"end":{"line":54,"column":66}},"28":{"start":{"line":55,"column":2},"end":{"line":65,"column":3}},"29":{"start":{"line":56,"column":4},"end":{"line":56,"column":21}},"30":{"start":{"line":57,"column":4},"end":{"line":63,"column":5}},"31":{"start":{"line":58,"column":6},"end":{"line":58,"column":20}},"32":{"start":{"line":59,"column":6},"end":{"line":59,"column":78}},"33":{"start":{"line":60,"column":6},"end":{"line":60,"column":29}},"34":{"start":{"line":62,"column":6},"end":{"line":62,"column":29}},"35":{"start":{"line":64,"column":4},"end":{"line":64,"column":69}},"36":{"start":{"line":66,"column":2},"end":{"line":68,"column":65}},"37":{"start":{"line":69,"column":2},"end":{"line":69,"column":49}}},"fnMap":{"0":{"name":"(anonymous_0)","decl":{"start":{"line":12,"column":66},"end":{"line":12,"column":67}},"loc":{"start":{"line":12,"column":72},"end":{"line":16,"column":1}},"line":12},"1":{"name":"(anonymous_1)","decl":{"start":{"line":29,"column":18},"end":{"line":29,"column":19}},"loc":{"start":{"line":29,"column":31},"end":{"line":31,"column":3}},"line":29},"2":{"name":"(anonymous_2)","decl":{"start":{"line":38,"column":10},"end":{"line":38,"column":11}},"loc":{"start":{"line":38,"column":18},"end":{"line":38,"column":27}},"line":38},"3":{"name":"(anonymous_3)","decl":{"start":{"line":39,"column":10},"end":{"line":39,"column":11}},"loc":{"start":{"line":39,"column":24},"end":{"line":39,"column":37}},"line":39},"4":{"name":"(anonymous_4)","decl":{"start":{"line":51,"column":66},"end":{"line":51,"column":67}},"loc":{"start":{"line":51,"column":78},"end":{"line":70,"column":1}},"line":51}},"branchMap":{"0":{"loc":{"start":{"line":19,"column":2},"end":{"line":21,"column":58}},"type":"cond-expr","locations":[{"start":{"line":20,"column":6},"end":{"line":20,"column":11}},{"start":{"line":21,"column":6},"end":{"line":21,"column":58}}],"line":19},"1":{"loc":{"start":{"line":23,"column":2},"end":{"line":25,"column":57}},"type":"cond-expr","locations":[{"start":{"line":24,"column":6},"end":{"line":24,"column":8}},{"start":{"line":25,"column":6},"end":{"line":25,"column":57}}],"line":23},"2":{"loc":{"start":{"line":27,"column":0},"end":{"line":49,"column":1}},"type":"if","locations":[{"start":{"line":27,"column":0},"end":{"line":49,"column":1}},{"start":{"line":36,"column":7},"end":{"line":49,"column":1}}],"line":27},"3":{"loc":{"start":{"line":55,"column":2},"end":{"line":65,"column":3}},"type":"if","locations":[{"start":{"line":55,"column":2},"end":{"line":65,"column":3}},{"start":{},"end":{}}],"line":55},"4":{"loc":{"start":{"line":57,"column":4},"end":{"line":63,"column":5}},"type":"if","locations":[{"start":{"line":57,"column":4},"end":{"line":63,"column":5}},{"start":{"line":61,"column":11},"end":{"line":63,"column":5}}],"line":57}},"s":{"0":0,"1":0,"2":0,"3":0,"4":0,"5":0,"6":0,"7":0,"8":0,"9":0,"10":0,"11":0,"12":0,"13":0,"14":0,"15":0,"16":0,"17":0,"18":0,"19":0,"20":0,"21":0,"22":0,"23":0,"24":0,"25":0,"26":0,"27":0,"28":0,"29":0,"30":0,"31":0,"32":0,"33":0,"34":0,"35":0,"36":0,"37":0},"f":{"0":0,"1":0,"2":0,"3":0,"4":0},"b":{"0":[0,0],"1":[0,0],"2":[0,0],"3":[0,0],"4":[0,0]}}
,"/Users/pavelmakarov/Desktop/second_project_weather_app/src/weather.js": {"path":"/Users/pavelmakarov/Desktop/second_project_weather_app/src/weather.js","statementMap":{"0":{"start":{"line":1,"column":26},"end":{"line":9,"column":1}},"1":{"start":{"line":2,"column":14},"end":{"line":2,"column":48}},"2":{"start":{"line":3,"column":19},"end":{"line":6,"column":3}},"3":{"start":{"line":7,"column":18},"end":{"line":7,"column":39}},"4":{"start":{"line":8,"column":2},"end":{"line":8,"column":17}},"5":{"start":{"line":10,"column":27},"end":{"line":16,"column":1}},"6":{"start":{"line":11,"column":18},"end":{"line":11,"column":40}},"7":{"start":{"line":12,"column":2},"end":{"line":14,"column":84}},"8":{"start":{"line":15,"column":2},"end":{"line":15,"column":64}}},"fnMap":{"0":{"name":"(anonymous_0)","decl":{"start":{"line":1,"column":26},"end":{"line":1,"column":27}},"loc":{"start":{"line":1,"column":42},"end":{"line":9,"column":1}},"line":1},"1":{"name":"(anonymous_1)","decl":{"start":{"line":10,"column":27},"end":{"line":10,"column":28}},"loc":{"start":{"line":10,"column":43},"end":{"line":16,"column":1}},"line":10}},"branchMap":{},"s":{"0":1,"1":2,"2":2,"3":2,"4":2,"5":1,"6":1,"7":1,"8":1},"f":{"0":2,"1":1},"b":{},"_coverageSchema":"1a1c01bbd47fc00a2c39e90264f33305004495a9","hash":"577fb54a2ddac11dcf789152e8b77874a1e602d5"}
}
