{
  "/Users/pavelmakarov/Desktop/second_project_weather_app/src/button.js": {
    "path": "/Users/pavelmakarov/Desktop/second_project_weather_app/src/button.js",
    "statementMap": {
      "0": {
        "start": { "line": 5, "column": 13 },
        "end": { "line": 5, "column": 41 }
      },
      "1": {
        "start": { "line": 6, "column": 17 },
        "end": { "line": 6, "column": 49 }
      },
      "2": {
        "start": { "line": 7, "column": 2 },
        "end": { "line": 7, "column": 27 }
      },
      "3": {
        "start": { "line": 8, "column": 2 },
        "end": { "line": 14, "column": 5 }
      },
      "4": {
        "start": { "line": 9, "column": 4 },
        "end": { "line": 9, "column": 40 }
      },
      "5": {
        "start": { "line": 10, "column": 20 },
        "end": { "line": 12, "column": 66 }
      },
      "6": {
        "start": { "line": 13, "column": 4 },
        "end": { "line": 13, "column": 51 }
      },
      "7": {
        "start": { "line": 15, "column": 2 },
        "end": { "line": 15, "column": 20 }
      },
      "8": {
        "start": { "line": 16, "column": 15 },
        "end": { "line": 16, "column": 46 }
      },
      "9": {
        "start": { "line": 17, "column": 2 },
        "end": { "line": 17, "column": 42 }
      },
      "10": {
        "start": { "line": 21, "column": 13 },
        "end": { "line": 21, "column": 41 }
      },
      "11": {
        "start": { "line": 22, "column": 17 },
        "end": { "line": 22, "column": 49 }
      },
      "12": {
        "start": { "line": 23, "column": 2 },
        "end": { "line": 23, "column": 27 }
      },
      "13": {
        "start": { "line": 24, "column": 2 },
        "end": { "line": 30, "column": 5 }
      },
      "14": {
        "start": { "line": 25, "column": 4 },
        "end": { "line": 25, "column": 40 }
      },
      "15": {
        "start": { "line": 26, "column": 20 },
        "end": { "line": 28, "column": 66 }
      },
      "16": {
        "start": { "line": 29, "column": 4 },
        "end": { "line": 29, "column": 51 }
      },
      "17": {
        "start": { "line": 31, "column": 2 },
        "end": { "line": 31, "column": 20 }
      },
      "18": {
        "start": { "line": 32, "column": 15 },
        "end": { "line": 32, "column": 46 }
      },
      "19": {
        "start": { "line": 33, "column": 2 },
        "end": { "line": 33, "column": 18 }
      }
    },
    "fnMap": {
      "0": {
        "name": "addButton",
        "decl": {
          "start": { "line": 4, "column": 16 },
          "end": { "line": 4, "column": 25 }
        },
        "loc": {
          "start": { "line": 4, "column": 33 },
          "end": { "line": 18, "column": 1 }
        },
        "line": 4
      },
      "1": {
        "name": "(anonymous_1)",
        "decl": {
          "start": { "line": 8, "column": 35 },
          "end": { "line": 8, "column": 36 }
        },
        "loc": {
          "start": { "line": 8, "column": 47 },
          "end": { "line": 14, "column": 3 }
        },
        "line": 8
      },
      "2": {
        "name": "addButtonReload",
        "decl": {
          "start": { "line": 20, "column": 16 },
          "end": { "line": 20, "column": 31 }
        },
        "loc": {
          "start": { "line": 20, "column": 39 },
          "end": { "line": 34, "column": 1 }
        },
        "line": 20
      },
      "3": {
        "name": "(anonymous_3)",
        "decl": {
          "start": { "line": 24, "column": 35 },
          "end": { "line": 24, "column": 36 }
        },
        "loc": {
          "start": { "line": 24, "column": 47 },
          "end": { "line": 30, "column": 3 }
        },
        "line": 24
      }
    },
    "branchMap": {},
    "s": {
      "0": 0,
      "1": 0,
      "2": 0,
      "3": 0,
      "4": 0,
      "5": 0,
      "6": 0,
      "7": 0,
      "8": 0,
      "9": 0,
      "10": 0,
      "11": 0,
      "12": 0,
      "13": 0,
      "14": 0,
      "15": 0,
      "16": 0,
      "17": 0,
      "18": 0,
      "19": 0
    },
    "f": { "0": 0, "1": 0, "2": 0, "3": 0 },
    "b": {},
    "_coverageSchema": "1a1c01bbd47fc00a2c39e90264f33305004495a9",
    "hash": "baebdc8835f90e743368d20dd112e40b25e005e6"
  },
  "/Users/pavelmakarov/Desktop/second_project_weather_app/src/cityCoordinates.js": {
    "path": "/Users/pavelmakarov/Desktop/second_project_weather_app/src/cityCoordinates.js",
    "statementMap": {
      "0": {
        "start": { "line": 1, "column": 31 },
        "end": { "line": 13, "column": 1 }
      },
      "1": {
        "start": { "line": 2, "column": 19 },
        "end": { "line": 11, "column": 23 }
      },
      "2": {
        "start": { "line": 5, "column": 19 },
        "end": { "line": 5, "column": 29 }
      },
      "3": {
        "start": { "line": 6, "column": 17 },
        "end": { "line": 6, "column": 27 }
      },
      "4": {
        "start": { "line": 7, "column": 17 },
        "end": { "line": 7, "column": 38 }
      },
      "5": {
        "start": { "line": 8, "column": 17 },
        "end": { "line": 8, "column": 35 }
      },
      "6": {
        "start": { "line": 9, "column": 17 },
        "end": { "line": 9, "column": 28 }
      },
      "7": {
        "start": { "line": 10, "column": 17 },
        "end": { "line": 10, "column": 24 }
      },
      "8": {
        "start": { "line": 11, "column": 17 },
        "end": { "line": 11, "column": 22 }
      },
      "9": {
        "start": { "line": 12, "column": 2 },
        "end": { "line": 12, "column": 61 }
      },
      "10": {
        "start": { "line": 12, "column": 49 },
        "end": { "line": 12, "column": 59 }
      }
    },
    "fnMap": {
      "0": {
        "name": "(anonymous_0)",
        "decl": {
          "start": { "line": 1, "column": 31 },
          "end": { "line": 1, "column": 32 }
        },
        "loc": {
          "start": { "line": 1, "column": 47 },
          "end": { "line": 13, "column": 1 }
        },
        "line": 1
      },
      "1": {
        "name": "(anonymous_1)",
        "decl": {
          "start": { "line": 5, "column": 10 },
          "end": { "line": 5, "column": 11 }
        },
        "loc": {
          "start": { "line": 5, "column": 19 },
          "end": { "line": 5, "column": 29 }
        },
        "line": 5
      },
      "2": {
        "name": "(anonymous_2)",
        "decl": {
          "start": { "line": 6, "column": 10 },
          "end": { "line": 6, "column": 11 }
        },
        "loc": {
          "start": { "line": 6, "column": 17 },
          "end": { "line": 6, "column": 27 }
        },
        "line": 6
      },
      "3": {
        "name": "(anonymous_3)",
        "decl": {
          "start": { "line": 7, "column": 10 },
          "end": { "line": 7, "column": 11 }
        },
        "loc": {
          "start": { "line": 7, "column": 17 },
          "end": { "line": 7, "column": 38 }
        },
        "line": 7
      },
      "4": {
        "name": "(anonymous_4)",
        "decl": {
          "start": { "line": 8, "column": 10 },
          "end": { "line": 8, "column": 11 }
        },
        "loc": {
          "start": { "line": 8, "column": 17 },
          "end": { "line": 8, "column": 35 }
        },
        "line": 8
      },
      "5": {
        "name": "(anonymous_5)",
        "decl": {
          "start": { "line": 9, "column": 10 },
          "end": { "line": 9, "column": 11 }
        },
        "loc": {
          "start": { "line": 9, "column": 17 },
          "end": { "line": 9, "column": 28 }
        },
        "line": 9
      },
      "6": {
        "name": "(anonymous_6)",
        "decl": {
          "start": { "line": 10, "column": 10 },
          "end": { "line": 10, "column": 11 }
        },
        "loc": {
          "start": { "line": 10, "column": 17 },
          "end": { "line": 10, "column": 24 }
        },
        "line": 10
      },
      "7": {
        "name": "(anonymous_7)",
        "decl": {
          "start": { "line": 11, "column": 10 },
          "end": { "line": 11, "column": 11 }
        },
        "loc": {
          "start": { "line": 11, "column": 17 },
          "end": { "line": 11, "column": 22 }
        },
        "line": 11
      },
      "8": {
        "name": "(anonymous_8)",
        "decl": {
          "start": { "line": 12, "column": 41 },
          "end": { "line": 12, "column": 42 }
        },
        "loc": {
          "start": { "line": 12, "column": 49 },
          "end": { "line": 12, "column": 59 }
        },
        "line": 12
      }
    },
    "branchMap": {},
    "s": {
      "0": 1,
      "1": 0,
      "2": 0,
      "3": 0,
      "4": 0,
      "5": 0,
      "6": 0,
      "7": 0,
      "8": 0,
      "9": 0,
      "10": 0
    },
    "f": {
      "0": 0,
      "1": 0,
      "2": 0,
      "3": 0,
      "4": 0,
      "5": 0,
      "6": 0,
      "7": 0,
      "8": 0
    },
    "b": {},
    "_coverageSchema": "1a1c01bbd47fc00a2c39e90264f33305004495a9",
    "hash": "48689bfb2a164422e575822333391f8e5f57f884"
  },
  "/Users/pavelmakarov/Desktop/second_project_weather_app/src/index.js": {
    "path": "/Users/pavelmakarov/Desktop/second_project_weather_app/src/index.js",
    "statementMap": {
      "0": {
        "start": { "line": 8, "column": 29 },
        "end": { "line": 8, "column": 39 }
      },
      "1": {
        "start": { "line": 9, "column": 28 },
        "end": { "line": 9, "column": 37 }
      },
      "2": {
        "start": { "line": 11, "column": 2 },
        "end": { "line": 11, "column": 28 }
      },
      "3": {
        "start": { "line": 13, "column": 25 },
        "end": { "line": 13, "column": 58 }
      },
      "4": {
        "start": { "line": 14, "column": 2 },
        "end": { "line": 14, "column": 48 }
      },
      "5": {
        "start": { "line": 16, "column": 16 },
        "end": { "line": 16, "column": 47 }
      },
      "6": {
        "start": { "line": 17, "column": 2 },
        "end": { "line": 17, "column": 35 }
      },
      "7": {
        "start": { "line": 18, "column": 2 },
        "end": { "line": 18, "column": 31 }
      },
      "8": {
        "start": { "line": 20, "column": 22 },
        "end": { "line": 20, "column": 54 }
      },
      "9": {
        "start": { "line": 21, "column": 2 },
        "end": { "line": 21, "column": 41 }
      },
      "10": {
        "start": { "line": 22, "column": 2 },
        "end": { "line": 22, "column": 41 }
      },
      "11": {
        "start": { "line": 23, "column": 2 },
        "end": { "line": 23, "column": 37 }
      },
      "12": {
        "start": { "line": 25, "column": 15 },
        "end": { "line": 25, "column": 43 }
      },
      "13": {
        "start": { "line": 26, "column": 2 },
        "end": { "line": 26, "column": 26 }
      },
      "14": {
        "start": { "line": 27, "column": 2 },
        "end": { "line": 27, "column": 30 }
      },
      "15": {
        "start": { "line": 29, "column": 22 },
        "end": { "line": 29, "column": 54 }
      },
      "16": {
        "start": { "line": 30, "column": 2 },
        "end": { "line": 30, "column": 41 }
      },
      "17": {
        "start": { "line": 31, "column": 2 },
        "end": { "line": 31, "column": 34 }
      },
      "18": {
        "start": { "line": 32, "column": 2 },
        "end": { "line": 32, "column": 37 }
      },
      "19": {
        "start": { "line": 34, "column": 2 },
        "end": { "line": 34, "column": 29 }
      },
      "20": {
        "start": { "line": 36, "column": 29 },
        "end": { "line": 36, "column": 62 }
      },
      "21": {
        "start": { "line": 37, "column": 2 },
        "end": { "line": 37, "column": 48 }
      },
      "22": {
        "start": { "line": 39, "column": 2 },
        "end": { "line": 39, "column": 33 }
      },
      "23": {
        "start": { "line": 41, "column": 14 },
        "end": { "line": 41, "column": 43 }
      },
      "24": {
        "start": { "line": 42, "column": 2 },
        "end": { "line": 42, "column": 24 }
      },
      "25": {
        "start": { "line": 44, "column": 2 },
        "end": { "line": 44, "column": 18 }
      },
      "26": {
        "start": { "line": 48, "column": 2 },
        "end": { "line": 52, "column": 5 }
      },
      "27": {
        "start": { "line": 49, "column": 4 },
        "end": { "line": 49, "column": 25 }
      },
      "28": {
        "start": { "line": 50, "column": 4 },
        "end": { "line": 50, "column": 40 }
      },
      "29": {
        "start": { "line": 51, "column": 4 },
        "end": { "line": 51, "column": 22 }
      },
      "30": {
        "start": { "line": 55, "column": 4 },
        "end": { "line": 57, "column": 60 }
      },
      "31": {
        "start": { "line": 59, "column": 4 },
        "end": { "line": 61, "column": 59 }
      },
      "32": {
        "start": { "line": 63, "column": 2 },
        "end": { "line": 85, "column": 3 }
      },
      "33": {
        "start": { "line": 64, "column": 4 },
        "end": { "line": 64, "column": 26 }
      },
      "34": {
        "start": { "line": 65, "column": 4 },
        "end": { "line": 67, "column": 7 }
      },
      "35": {
        "start": { "line": 66, "column": 6 },
        "end": { "line": 66, "column": 31 }
      },
      "36": {
        "start": { "line": 68, "column": 4 },
        "end": { "line": 70, "column": 67 }
      },
      "37": {
        "start": { "line": 71, "column": 4 },
        "end": { "line": 71, "column": 46 }
      },
      "38": {
        "start": { "line": 73, "column": 21 },
        "end": { "line": 75, "column": 40 }
      },
      "39": {
        "start": { "line": 74, "column": 20 },
        "end": { "line": 74, "column": 29 }
      },
      "40": {
        "start": { "line": 75, "column": 26 },
        "end": { "line": 75, "column": 39 }
      },
      "41": {
        "start": { "line": 76, "column": 4 },
        "end": { "line": 76, "column": 32 }
      },
      "42": {
        "start": { "line": 77, "column": 4 },
        "end": { "line": 77, "column": 30 }
      },
      "43": {
        "start": { "line": 78, "column": 4 },
        "end": { "line": 78, "column": 36 }
      },
      "44": {
        "start": { "line": 79, "column": 4 },
        "end": { "line": 79, "column": 69 }
      },
      "45": {
        "start": { "line": 80, "column": 4 },
        "end": { "line": 80, "column": 77 }
      },
      "46": {
        "start": { "line": 81, "column": 4 },
        "end": { "line": 83, "column": 67 }
      },
      "47": {
        "start": { "line": 84, "column": 4 },
        "end": { "line": 84, "column": 46 }
      },
      "48": {
        "start": { "line": 87, "column": 2 },
        "end": { "line": 106, "column": 5 }
      },
      "49": {
        "start": { "line": 88, "column": 18 },
        "end": { "line": 88, "column": 37 }
      },
      "50": {
        "start": { "line": 89, "column": 4 },
        "end": { "line": 89, "column": 23 }
      },
      "51": {
        "start": { "line": 90, "column": 4 },
        "end": { "line": 90, "column": 68 }
      },
      "52": {
        "start": { "line": 91, "column": 4 },
        "end": { "line": 101, "column": 5 }
      },
      "53": {
        "start": { "line": 92, "column": 6 },
        "end": { "line": 92, "column": 23 }
      },
      "54": {
        "start": { "line": 93, "column": 6 },
        "end": { "line": 99, "column": 7 }
      },
      "55": {
        "start": { "line": 94, "column": 8 },
        "end": { "line": 94, "column": 22 }
      },
      "56": {
        "start": { "line": 95, "column": 8 },
        "end": { "line": 95, "column": 75 }
      },
      "57": {
        "start": { "line": 96, "column": 8 },
        "end": { "line": 96, "column": 31 }
      },
      "58": {
        "start": { "line": 98, "column": 8 },
        "end": { "line": 98, "column": 31 }
      },
      "59": {
        "start": { "line": 100, "column": 6 },
        "end": { "line": 100, "column": 71 }
      },
      "60": {
        "start": { "line": 102, "column": 4 },
        "end": { "line": 104, "column": 67 }
      },
      "61": {
        "start": { "line": 105, "column": 4 },
        "end": { "line": 105, "column": 46 }
      },
      "62": {
        "start": { "line": 109, "column": 0 },
        "end": { "line": 109, "column": 37 }
      }
    },
    "fnMap": {
      "0": {
        "name": "start",
        "decl": {
          "start": { "line": 7, "column": 22 },
          "end": { "line": 7, "column": 27 }
        },
        "loc": {
          "start": { "line": 7, "column": 33 },
          "end": { "line": 107, "column": 1 }
        },
        "line": 7
      },
      "1": {
        "name": "(anonymous_1)",
        "decl": {
          "start": { "line": 48, "column": 63 },
          "end": { "line": 48, "column": 64 }
        },
        "loc": {
          "start": { "line": 48, "column": 69 },
          "end": { "line": 52, "column": 3 }
        },
        "line": 48
      },
      "2": {
        "name": "(anonymous_2)",
        "decl": {
          "start": { "line": 65, "column": 20 },
          "end": { "line": 65, "column": 21 }
        },
        "loc": {
          "start": { "line": 65, "column": 33 },
          "end": { "line": 67, "column": 5 }
        },
        "line": 65
      },
      "3": {
        "name": "(anonymous_3)",
        "decl": {
          "start": { "line": 74, "column": 12 },
          "end": { "line": 74, "column": 13 }
        },
        "loc": {
          "start": { "line": 74, "column": 20 },
          "end": { "line": 74, "column": 29 }
        },
        "line": 74
      },
      "4": {
        "name": "(anonymous_4)",
        "decl": {
          "start": { "line": 75, "column": 12 },
          "end": { "line": 75, "column": 13 }
        },
        "loc": {
          "start": { "line": 75, "column": 26 },
          "end": { "line": 75, "column": 39 }
        },
        "line": 75
      },
      "5": {
        "name": "(anonymous_5)",
        "decl": {
          "start": { "line": 87, "column": 63 },
          "end": { "line": 87, "column": 64 }
        },
        "loc": {
          "start": { "line": 87, "column": 75 },
          "end": { "line": 106, "column": 3 }
        },
        "line": 87
      }
    },
    "branchMap": {
      "0": {
        "loc": {
          "start": { "line": 55, "column": 4 },
          "end": { "line": 57, "column": 60 }
        },
        "type": "cond-expr",
        "locations": [
          {
            "start": { "line": 56, "column": 8 },
            "end": { "line": 56, "column": 13 }
          },
          {
            "start": { "line": 57, "column": 8 },
            "end": { "line": 57, "column": 60 }
          }
        ],
        "line": 55
      },
      "1": {
        "loc": {
          "start": { "line": 59, "column": 4 },
          "end": { "line": 61, "column": 59 }
        },
        "type": "cond-expr",
        "locations": [
          {
            "start": { "line": 60, "column": 8 },
            "end": { "line": 60, "column": 10 }
          },
          {
            "start": { "line": 61, "column": 8 },
            "end": { "line": 61, "column": 59 }
          }
        ],
        "line": 59
      },
      "2": {
        "loc": {
          "start": { "line": 63, "column": 2 },
          "end": { "line": 85, "column": 3 }
        },
        "type": "if",
        "locations": [
          {
            "start": { "line": 63, "column": 2 },
            "end": { "line": 85, "column": 3 }
          },
          {
            "start": { "line": 72, "column": 9 },
            "end": { "line": 85, "column": 3 }
          }
        ],
        "line": 63
      },
      "3": {
        "loc": {
          "start": { "line": 91, "column": 4 },
          "end": { "line": 101, "column": 5 }
        },
        "type": "if",
        "locations": [
          {
            "start": { "line": 91, "column": 4 },
            "end": { "line": 101, "column": 5 }
          },
          { "start": {}, "end": {} }
        ],
        "line": 91
      },
      "4": {
        "loc": {
          "start": { "line": 93, "column": 6 },
          "end": { "line": 99, "column": 7 }
        },
        "type": "if",
        "locations": [
          {
            "start": { "line": 93, "column": 6 },
            "end": { "line": 99, "column": 7 }
          },
          {
            "start": { "line": 97, "column": 13 },
            "end": { "line": 99, "column": 7 }
          }
        ],
        "line": 93
      }
    },
    "s": {
      "0": 10,
      "1": 10,
      "2": 10,
      "3": 10,
      "4": 10,
      "5": 10,
      "6": 10,
      "7": 10,
      "8": 10,
      "9": 10,
      "10": 10,
      "11": 10,
      "12": 10,
      "13": 10,
      "14": 10,
      "15": 10,
      "16": 10,
      "17": 10,
      "18": 10,
      "19": 10,
      "20": 10,
      "21": 10,
      "22": 10,
      "23": 10,
      "24": 10,
      "25": 10,
      "26": 10,
      "27": 1,
      "28": 1,
      "29": 1,
      "30": 10,
      "31": 10,
      "32": 10,
      "33": 0,
      "34": 0,
      "35": 0,
      "36": 0,
      "37": 0,
      "38": 10,
      "39": 0,
      "40": 0,
      "41": 10,
      "42": 0,
      "43": 0,
      "44": 0,
      "45": 0,
      "46": 0,
      "47": 0,
      "48": 0,
      "49": 0,
      "50": 0,
      "51": 0,
      "52": 0,
      "53": 0,
      "54": 0,
      "55": 0,
      "56": 0,
      "57": 0,
      "58": 0,
      "59": 0,
      "60": 0,
      "61": 0,
      "62": 1
    },
    "f": { "0": 10, "1": 1, "2": 0, "3": 0, "4": 0, "5": 0 },
    "b": { "0": [10, 0], "1": [10, 0], "2": [0, 10], "3": [0, 0], "4": [0, 0] },
    "_coverageSchema": "1a1c01bbd47fc00a2c39e90264f33305004495a9",
    "hash": "54573000d10e9a36ebe2e31d8094b0ff242b3159"
  },
  "/Users/pavelmakarov/Desktop/second_project_weather_app/src/readAndClearInput.js": {
    "path": "/Users/pavelmakarov/Desktop/second_project_weather_app/src/readAndClearInput.js",
    "statementMap": {
      "0": {
        "start": { "line": 2, "column": 16 },
        "end": { "line": 2, "column": 47 }
      },
      "1": {
        "start": { "line": 3, "column": 16 },
        "end": { "line": 3, "column": 27 }
      },
      "2": {
        "start": { "line": 4, "column": 2 },
        "end": { "line": 4, "column": 19 }
      },
      "3": {
        "start": { "line": 5, "column": 2 },
        "end": { "line": 5, "column": 15 }
      }
    },
    "fnMap": {
      "0": {
        "name": "readAndClearInput",
        "decl": {
          "start": { "line": 1, "column": 16 },
          "end": { "line": 1, "column": 33 }
        },
        "loc": {
          "start": { "line": 1, "column": 36 },
          "end": { "line": 6, "column": 1 }
        },
        "line": 1
      }
    },
    "branchMap": {},
    "s": { "0": 1, "1": 1, "2": 1, "3": 1 },
    "f": { "0": 1 },
    "b": {},
    "_coverageSchema": "1a1c01bbd47fc00a2c39e90264f33305004495a9",
    "hash": "5117f29a71304780ed12c824f09fda7c8b408926"
  },
  "/Users/pavelmakarov/Desktop/second_project_weather_app/src/weather.js": {
    "path": "/Users/pavelmakarov/Desktop/second_project_weather_app/src/weather.js",
    "statementMap": {
      "0": {
        "start": { "line": 1, "column": 26 },
        "end": { "line": 9, "column": 1 }
      },
      "1": {
        "start": { "line": 2, "column": 14 },
        "end": { "line": 2, "column": 48 }
      },
      "2": {
        "start": { "line": 3, "column": 19 },
        "end": { "line": 6, "column": 3 }
      },
      "3": {
        "start": { "line": 7, "column": 18 },
        "end": { "line": 7, "column": 39 }
      },
      "4": {
        "start": { "line": 8, "column": 2 },
        "end": { "line": 8, "column": 17 }
      },
      "5": {
        "start": { "line": 10, "column": 27 },
        "end": { "line": 16, "column": 1 }
      },
      "6": {
        "start": { "line": 11, "column": 18 },
        "end": { "line": 11, "column": 40 }
      },
      "7": {
        "start": { "line": 12, "column": 2 },
        "end": { "line": 15, "column": 84 }
      }
    },
    "fnMap": {
      "0": {
        "name": "(anonymous_0)",
        "decl": {
          "start": { "line": 1, "column": 26 },
          "end": { "line": 1, "column": 27 }
        },
        "loc": {
          "start": { "line": 1, "column": 42 },
          "end": { "line": 9, "column": 1 }
        },
        "line": 1
      },
      "1": {
        "name": "(anonymous_1)",
        "decl": {
          "start": { "line": 10, "column": 27 },
          "end": { "line": 10, "column": 28 }
        },
        "loc": {
          "start": { "line": 10, "column": 43 },
          "end": { "line": 16, "column": 1 }
        },
        "line": 10
      }
    },
    "branchMap": {},
    "s": { "0": 2, "1": 2, "2": 2, "3": 2, "4": 2, "5": 2, "6": 1, "7": 1 },
    "f": { "0": 2, "1": 1 },
    "b": {},
    "_coverageSchema": "1a1c01bbd47fc00a2c39e90264f33305004495a9",
    "hash": "53a48a441a520db89279f37e8b4f74b907c2c036"
  }
}
