TN:
SF:src/button.js
FN:4,addButton
FN:8,(anonymous_1)
FN:20,addButtonReload
FN:24,(anonymous_3)
FNF:4
FNH:0
FNDA:0,addButton
FNDA:0,(anonymous_1)
FNDA:0,addButtonReload
FNDA:0,(anonymous_3)
DA:5,0
DA:6,0
DA:7,0
DA:8,0
DA:9,0
DA:10,0
DA:13,0
DA:15,0
DA:16,0
DA:17,0
DA:21,0
DA:22,0
DA:23,0
DA:24,0
DA:25,0
DA:26,0
DA:29,0
DA:31,0
DA:32,0
DA:33,0
LF:20
LH:0
BRF:0
BRH:0
end_of_record
TN:
SF:src/cityCoordinates.js
FN:1,(anonymous_0)
FN:5,(anonymous_1)
FN:6,(anonymous_2)
FN:7,(anonymous_3)
FN:8,(anonymous_4)
FN:9,(anonymous_5)
FN:10,(anonymous_6)
FN:11,(anonymous_7)
FN:12,(anonymous_8)
FNF:9
FNH:0
FNDA:0,(anonymous_0)
FNDA:0,(anonymous_1)
FNDA:0,(anonymous_2)
FNDA:0,(anonymous_3)
FNDA:0,(anonymous_4)
FNDA:0,(anonymous_5)
FNDA:0,(anonymous_6)
FNDA:0,(anonymous_7)
FNDA:0,(anonymous_8)
DA:1,1
DA:2,0
DA:5,0
DA:6,0
DA:7,0
DA:8,0
DA:9,0
DA:10,0
DA:11,0
DA:12,0
LF:10
LH:1
BRF:0
BRH:0
end_of_record
TN:
SF:src/index.js
FN:7,start
FN:48,(anonymous_1)
FN:65,(anonymous_2)
FN:74,(anonymous_3)
FN:75,(anonymous_4)
FN:87,(anonymous_5)
FNF:6
FNH:2
FNDA:10,start
FNDA:1,(anonymous_1)
FNDA:0,(anonymous_2)
FNDA:0,(anonymous_3)
FNDA:0,(anonymous_4)
FNDA:0,(anonymous_5)
DA:8,10
DA:9,10
DA:11,10
DA:13,10
DA:14,10
DA:16,10
DA:17,10
DA:18,10
DA:20,10
DA:21,10
DA:22,10
DA:23,10
DA:25,10
DA:26,10
DA:27,10
DA:29,10
DA:30,10
DA:31,10
DA:32,10
DA:34,10
DA:36,10
DA:37,10
DA:39,10
DA:41,10
DA:42,10
DA:44,10
DA:48,10
DA:49,1
DA:50,1
DA:51,1
DA:55,10
DA:59,10
DA:63,10
DA:64,0
DA:65,0
DA:66,0
DA:68,0
DA:71,0
DA:73,10
DA:74,0
DA:75,0
DA:76,10
DA:77,0
DA:78,0
DA:79,0
DA:80,0
DA:81,0
DA:84,0
DA:87,0
DA:88,0
DA:89,0
DA:90,0
DA:91,0
DA:92,0
DA:93,0
DA:94,0
DA:95,0
DA:96,0
DA:98,0
DA:100,0
DA:102,0
DA:105,0
DA:109,1
LF:63
LH:36
BRDA:55,0,0,10
BRDA:55,0,1,0
BRDA:59,1,0,10
BRDA:59,1,1,0
BRDA:63,2,0,0
BRDA:63,2,1,10
BRDA:91,3,0,0
BRDA:91,3,1,0
BRDA:93,4,0,0
BRDA:93,4,1,0
BRF:10
BRH:3
end_of_record
TN:
SF:src/readAndClearInput.js
FN:1,readAndClearInput
FNF:1
FNH:1
FNDA:1,readAndClearInput
DA:2,1
DA:3,1
DA:4,1
DA:5,1
LF:4
LH:4
BRF:0
BRH:0
end_of_record
TN:
SF:src/weather.js
FN:1,(anonymous_0)
FN:10,(anonymous_1)
FNF:2
FNH:2
FNDA:2,(anonymous_0)
FNDA:1,(anonymous_1)
DA:1,2
DA:2,2
DA:3,2
DA:7,2
DA:8,2
DA:10,2
DA:11,1
DA:12,1
LF:8
LH:8
BRF:0
BRH:0
end_of_record
